{
  "RSpec": {
    "coverage": {
      "/Users/irynaboiko/Documents/cryptography-project/uni-cryptography/spec/controllers/rsa_spec.rb": {
        "lines": [
          1,
          null,
          null,
          1,
          4,
          4,
          null,
          null,
          1,
          3,
          3,
          3,
          null,
          null,
          1,
          1,
          1,
          1,
          1,
          1,
          null,
          null,
          null,
          1,
          1,
          1,
          1,
          null,
          1,
          1,
          null,
          1,
          1,
          null,
          null,
          null,
          1,
          1,
          1,
          1,
          1,
          null,
          1,
          1,
          1,
          1,
          null,
          1,
          1,
          null,
          1,
          1,
          1,
          null,
          null,
          null
        ]
      },
      "/Users/irynaboiko/Documents/cryptography-project/uni-cryptography/spec/rails_helper.rb": {
        "lines": [
          null,
          1,
          1,
          1,
          null,
          1,
          1,
          null,
          null,
          null,
          null,
          null,
          null,
          null,
          null,
          null,
          null,
          null,
          null,
          null,
          null,
          null,
          null,
          null,
          null,
          null,
          null,
          1,
          null,
          0,
          null,
          1,
          null,
          1,
          null,
          null,
          null,
          null,
          1,
          null,
          null,
          null,
          null,
          null,
          null,
          null,
          null,
          null,
          null,
          null,
          null,
          null,
          null,
          null,
          null,
          null,
          1,
          null,
          null,
          1,
          null,
          null,
          null
        ]
      },
      "/Users/irynaboiko/Documents/cryptography-project/uni-cryptography/config/environment.rb": {
        "lines": [
          null,
          1,
          null,
          null,
          1
        ]
      },
      "/Users/irynaboiko/Documents/cryptography-project/uni-cryptography/config/application.rb": {
        "lines": [
          1,
          null,
          1,
          1,
          null,
          null,
          1,
          1,
          null,
          null,
          null,
          1,
          null,
          1,
          1,
          null,
          1,
          1,
          null,
          1,
          null,
          null,
          1,
          1,
          1,
          null,
          null,
          null,
          null,
          null,
          null,
          null,
          null,
          null,
          null
        ]
      },
      "/Users/irynaboiko/Documents/cryptography-project/uni-cryptography/config/boot.rb": {
        "lines": [
          1,
          null,
          1,
          1
        ]
      },
      "/Users/irynaboiko/Documents/cryptography-project/uni-cryptography/config/environments/test.rb": {
        "lines": [
          1,
          null,
          null,
          null,
          null,
          null,
          null,
          1,
          null,
          null,
          null,
          1,
          null,
          null,
          null,
          null,
          1,
          null,
          null,
          1,
          1,
          null,
          null,
          null,
          null,
          1,
          1,
          1,
          null,
          null,
          1,
          null,
          null,
          1,
          null,
          null,
          1,
          null,
          1,
          null,
          null,
          null,
          null,
          1,
          null,
          null,
          1,
          null,
          null,
          1,
          null,
          null,
          1,
          null,
          null,
          null,
          null,
          null,
          null,
          null
        ]
      },
      "/Users/irynaboiko/Documents/cryptography-project/uni-cryptography/config/initializers/assets.rb": {
        "lines": [
          null,
          null,
          null,
          1,
          null,
          null,
          null,
          null,
          null,
          null,
          null,
          null
        ]
      },
      "/Users/irynaboiko/Documents/cryptography-project/uni-cryptography/config/initializers/content_security_policy.rb": {
        "lines": [
          null,
          null,
          null,
          null,
          null,
          null,
          null,
          null,
          null,
          null,
          null,
          null,
          null,
          null,
          null,
          null,
          null,
          null,
          null,
          null,
          null,
          null,
          null,
          null,
          null
        ]
      },
      "/Users/irynaboiko/Documents/cryptography-project/uni-cryptography/config/initializers/filter_parameter_logging.rb": {
        "lines": [
          null,
          null,
          null,
          null,
          null,
          1,
          null,
          null
        ]
      },
      "/Users/irynaboiko/Documents/cryptography-project/uni-cryptography/config/initializers/inflections.rb": {
        "lines": [
          null,
          null,
          null,
          null,
          null,
          null,
          null,
          null,
          null,
          null,
          null,
          null,
          null,
          null,
          null,
          null
        ]
      },
      "/Users/irynaboiko/Documents/cryptography-project/uni-cryptography/config/initializers/permissions_policy.rb": {
        "lines": [
          null,
          null,
          null,
          null,
          null,
          null,
          null,
          null,
          null,
          null,
          null
        ]
      },
      "/Users/irynaboiko/Documents/cryptography-project/uni-cryptography/config/routes.rb": {
        "lines": [
          1,
          1,
          1,
          1,
          1,
          1,
          1,
          1,
          1,
          1,
          1,
          1,
          1,
          1,
          1,
          null,
          1,
          1,
          1,
          null,
          null,
          null,
          null,
          null
        ]
      },
      "/Users/irynaboiko/Documents/cryptography-project/uni-cryptography/app/helpers/application_helper.rb": {
        "lines": [
          1,
          null
        ]
      },
      "/Users/irynaboiko/Documents/cryptography-project/uni-cryptography/app/helpers/digital_signature_helper.rb": {
        "lines": [
          1,
          null
        ]
      },
      "/Users/irynaboiko/Documents/cryptography-project/uni-cryptography/app/helpers/md5_hash_helper.rb": {
        "lines": [
          1,
          null
        ]
      },
      "/Users/irynaboiko/Documents/cryptography-project/uni-cryptography/app/helpers/numbers_helper.rb": {
        "lines": [
          1,
          null
        ]
      },
      "/Users/irynaboiko/Documents/cryptography-project/uni-cryptography/app/helpers/rc5_helper.rb": {
        "lines": [
          1,
          null
        ]
      },
      "/Users/irynaboiko/Documents/cryptography-project/uni-cryptography/app/helpers/rsa_helper.rb": {
        "lines": [
          1,
          null
        ]
      },
      "/Users/irynaboiko/Documents/cryptography-project/uni-cryptography/app/controllers/rsa_controller.rb": {
        "lines": [
          1,
          null,
          1,
          1,
          null,
          1,
          null,
          1,
          null,
          null,
          1,
          1,
          null,
          1,
          null,
          1,
          1,
          1,
          null,
          null,
          1,
          1,
          1,
          null,
          null,
          1,
          1,
          1,
          null,
          1,
          2,
          2,
          null,
          1,
          1,
          1,
          null,
          null,
          1,
          null,
          1,
          null,
          null,
          1,
          1,
          null,
          1,
          null,
          1,
          1,
          1,
          null,
          1,
          2,
          2,
          null,
          1,
          1,
          1,
          null,
          null,
          1,
          null,
          1,
          1,
          1,
          1,
          null,
          1,
          1,
          null,
          null,
          1,
          null,
          null,
          1,
          1,
          3,
          3,
          null,
          null
        ]
      },
      "/Users/irynaboiko/Documents/cryptography-project/uni-cryptography/app/controllers/application_controller.rb": {
        "lines": [
          1,
          null
        ]
      },
      "/Users/irynaboiko/Documents/cryptography-project/uni-cryptography/app/controllers/concerns/FileTypeDetector.rb": {
        "lines": [
          1,
          null,
          1,
          null,
          null,
          null,
          null,
          1,
          0,
          0,
          0,
          null,
          null,
          0,
          null,
          null,
          null
        ]
      },
      "/Users/irynaboiko/Documents/cryptography-project/uni-cryptography/app/services/benchmark_service.rb": {
        "lines": [
          1,
          null,
          1,
          1,
          1,
          1,
          null,
          null,
          1,
          1,
          null,
          null,
          1,
          2,
          2,
          null,
          1,
          null,
          null,
          1,
          null,
          1,
          1,
          1,
          null,
          1,
          10,
          10,
          null,
          null,
          null,
          1,
          1,
          10,
          null,
          null,
          null,
          1,
          10,
          1,
          1,
          2,
          1,
          1,
          1,
          null,
          null,
          null,
          null,
          null
        ]
      }
    },
    "timestamp": 1701679098
  }
}
